[debug] [2025-02-19T04:23:31.134Z] ----------------------------------------------------------------------
[debug] [2025-02-19T04:23:31.136Z] Command:       C:\Program Files\nodejs\node.exe C:\Users\Green Way\AppData\Roaming\npm\node_modules\firebase-tools\lib\bin\firebase.js init
[debug] [2025-02-19T04:23:31.137Z] CLI Version:   13.31.1
[debug] [2025-02-19T04:23:31.137Z] Platform:      win32
[debug] [2025-02-19T04:23:31.137Z] Node Version:  v22.14.0
[debug] [2025-02-19T04:23:31.137Z] Time:          Tue Feb 18 2025 23:23:31 GMT-0500 (Eastern Standard Time)
[debug] [2025-02-19T04:23:31.137Z] ----------------------------------------------------------------------
[debug] 
[debug] [2025-02-19T04:23:31.144Z] > command requires scopes: ["email","openid","https://www.googleapis.com/auth/cloudplatformprojects.readonly","https://www.googleapis.com/auth/firebase","https://www.googleapis.com/auth/cloud-platform"]
[debug] [2025-02-19T04:23:31.144Z] > authorizing via signed-in user (vicekid46@gmail.com)
[info] 
     ######## #### ########  ######## ########     ###     ######  ########
     ##        ##  ##     ## ##       ##     ##  ##   ##  ##       ##
     ######    ##  ########  ######   ########  #########  ######  ######
     ##        ##  ##    ##  ##       ##     ## ##     ##       ## ##
     ##       #### ##     ## ######## ########  ##     ##  ######  ########

You're about to initialize a Firebase project in this directory:

  C:\Users\Green Way\Desktop\career\Personal Project

[info] 
=== Project Setup
[info] 
[info] First, let's associate this project directory with a Firebase project.
[info] You can create multiple project aliases by running firebase use --add, 
[info] but for now we'll just set up a default project.
[info] 
[debug] [2025-02-19T04:24:44.544Z] Checked if tokens are valid: true, expires at: 1739942583695
[debug] [2025-02-19T04:24:44.545Z] Checked if tokens are valid: true, expires at: 1739942583695
[debug] [2025-02-19T04:24:44.547Z] >>> [apiv2][query] GET https://firebase.googleapis.com/v1beta1/projects pageSize=100
[debug] [2025-02-19T04:24:45.315Z] <<< [apiv2][status] GET https://firebase.googleapis.com/v1beta1/projects 200
[debug] [2025-02-19T04:24:45.315Z] <<< [apiv2][body] GET https://firebase.googleapis.com/v1beta1/projects [omitted]
[info] i  Using project cloud-inventory-c65bb (CLOUD INVENTORY) 
[info] 
=== Dataconnect Setup
[debug] [2025-02-19T04:24:51.717Z] Checked if tokens are valid: true, expires at: 1739942583695
[debug] [2025-02-19T04:24:51.717Z] Checked if tokens are valid: true, expires at: 1739942583695
[debug] [2025-02-19T04:24:51.717Z] >>> [apiv2][query] GET https://cloudbilling.googleapis.com/v1/projects/cloud-inventory-c65bb/billingInfo [none]
[debug] [2025-02-19T04:24:52.178Z] <<< [apiv2][status] GET https://cloudbilling.googleapis.com/v1/projects/cloud-inventory-c65bb/billingInfo 200
[debug] [2025-02-19T04:24:52.178Z] <<< [apiv2][body] GET https://cloudbilling.googleapis.com/v1/projects/cloud-inventory-c65bb/billingInfo {"name":"projects/cloud-inventory-c65bb/billingInfo","projectId":"cloud-inventory-c65bb","billingAccountName":"","billingEnabled":false}
[info] i  dataconnect: ensuring required API sqladmin.googleapis.com is enabled... 
[debug] [2025-02-19T04:24:52.180Z] Checked if tokens are valid: true, expires at: 1739942583695
[debug] [2025-02-19T04:24:52.181Z] Checked if tokens are valid: true, expires at: 1739942583695
[debug] [2025-02-19T04:24:52.181Z] >>> [apiv2][query] GET https://serviceusage.googleapis.com/v1/projects/cloud-inventory-c65bb/services/sqladmin.googleapis.com [none]
[debug] [2025-02-19T04:24:52.181Z] >>> [apiv2][(partial)header] GET https://serviceusage.googleapis.com/v1/projects/cloud-inventory-c65bb/services/sqladmin.googleapis.com x-goog-quota-user=projects/cloud-inventory-c65bb
[debug] [2025-02-19T04:24:52.783Z] <<< [apiv2][status] GET https://serviceusage.googleapis.com/v1/projects/cloud-inventory-c65bb/services/sqladmin.googleapis.com 200
[debug] [2025-02-19T04:24:52.783Z] <<< [apiv2][body] GET https://serviceusage.googleapis.com/v1/projects/cloud-inventory-c65bb/services/sqladmin.googleapis.com [omitted]
[warn] !  dataconnect: missing required API sqladmin.googleapis.com. Enabling now... 
[debug] [2025-02-19T04:24:52.785Z] Checked if tokens are valid: true, expires at: 1739942583695
[debug] [2025-02-19T04:24:52.785Z] Checked if tokens are valid: true, expires at: 1739942583695
[debug] [2025-02-19T04:24:52.785Z] >>> [apiv2][query] POST https://serviceusage.googleapis.com/v1/projects/cloud-inventory-c65bb/services/sqladmin.googleapis.com:enable [none]
[debug] [2025-02-19T04:24:52.785Z] >>> [apiv2][(partial)header] POST https://serviceusage.googleapis.com/v1/projects/cloud-inventory-c65bb/services/sqladmin.googleapis.com:enable x-goog-quota-user=projects/cloud-inventory-c65bb
[debug] [2025-02-19T04:24:53.254Z] <<< [apiv2][status] POST https://serviceusage.googleapis.com/v1/projects/cloud-inventory-c65bb/services/sqladmin.googleapis.com:enable 200
[debug] [2025-02-19T04:24:53.255Z] <<< [apiv2][body] POST https://serviceusage.googleapis.com/v1/projects/cloud-inventory-c65bb/services/sqladmin.googleapis.com:enable [omitted]
[debug] [2025-02-19T04:25:03.268Z] Checked if tokens are valid: true, expires at: 1739942583695
[debug] [2025-02-19T04:25:03.268Z] Checked if tokens are valid: true, expires at: 1739942583695
[debug] [2025-02-19T04:25:03.269Z] >>> [apiv2][query] GET https://serviceusage.googleapis.com/v1/projects/cloud-inventory-c65bb/services/sqladmin.googleapis.com [none]
[debug] [2025-02-19T04:25:03.269Z] >>> [apiv2][(partial)header] GET https://serviceusage.googleapis.com/v1/projects/cloud-inventory-c65bb/services/sqladmin.googleapis.com x-goog-quota-user=projects/cloud-inventory-c65bb
[debug] [2025-02-19T04:25:03.773Z] <<< [apiv2][status] GET https://serviceusage.googleapis.com/v1/projects/cloud-inventory-c65bb/services/sqladmin.googleapis.com 200
[debug] [2025-02-19T04:25:03.774Z] <<< [apiv2][body] GET https://serviceusage.googleapis.com/v1/projects/cloud-inventory-c65bb/services/sqladmin.googleapis.com [omitted]
[info] +  dataconnect: required API sqladmin.googleapis.com is enabled 
[info] +  Wrote dataconnect\dataconnect.yaml 
[info] +  Wrote dataconnect\schema\schema.gql 
[info] +  Wrote dataconnect\connector\connector.yaml 
[info] +  Wrote dataconnect\connector\queries.gql 
[info] +  Wrote dataconnect\connector\mutations.gql 
[info] i  If you'd like to add the generated SDK to your app your, run firebase init dataconnect:sdk 
[info] i  If you'd like to provision a CloudSQL Postgres instance on the Firebase Data Connect no-cost trial:
1. Please upgrade to the pay-as-you-go (Blaze) billing plan. Visit the following page:
     https://console.firebase.google.com/project/cloud-inventory-c65bb/usage/details
2. Run firebase init dataconnect again to configure the Cloud SQL instance.
3. Run firebase deploy --only dataconnect to deploy your Data Connect service. 
[info] 
=== Firestore Setup
[debug] [2025-02-19T04:25:03.802Z] Checked if tokens are valid: true, expires at: 1739942583695
[debug] [2025-02-19T04:25:03.802Z] Checked if tokens are valid: true, expires at: 1739942583695
[debug] [2025-02-19T04:25:03.802Z] >>> [apiv2][query] GET https://serviceusage.googleapis.com/v1/projects/cloud-inventory-c65bb/services/firestore.googleapis.com [none]
[debug] [2025-02-19T04:25:03.802Z] >>> [apiv2][(partial)header] GET https://serviceusage.googleapis.com/v1/projects/cloud-inventory-c65bb/services/firestore.googleapis.com x-goog-quota-user=projects/cloud-inventory-c65bb
[debug] [2025-02-19T04:25:04.091Z] <<< [apiv2][status] GET https://serviceusage.googleapis.com/v1/projects/cloud-inventory-c65bb/services/firestore.googleapis.com 200
[debug] [2025-02-19T04:25:04.091Z] <<< [apiv2][body] GET https://serviceusage.googleapis.com/v1/projects/cloud-inventory-c65bb/services/firestore.googleapis.com [omitted]
[debug] [2025-02-19T04:25:04.092Z] Checked if tokens are valid: true, expires at: 1739942583695
[debug] [2025-02-19T04:25:04.092Z] Checked if tokens are valid: true, expires at: 1739942583695
[debug] [2025-02-19T04:25:04.093Z] >>> [apiv2][query] GET https://firestore.googleapis.com/v1/projects/cloud-inventory-c65bb/databases/(default) [none]
[debug] [2025-02-19T04:25:04.524Z] <<< [apiv2][status] GET https://firestore.googleapis.com/v1/projects/cloud-inventory-c65bb/databases/(default) 200
[debug] [2025-02-19T04:25:04.524Z] <<< [apiv2][body] GET https://firestore.googleapis.com/v1/projects/cloud-inventory-c65bb/databases/(default) {"name":"projects/cloud-inventory-c65bb/databases/(default)","uid":"d17483b3-0f23-4585-a063-96dc311cfcfb","createTime":"2025-02-19T03:15:47.454259Z","updateTime":"2025-02-19T03:15:47.454259Z","locationId":"northamerica-northeast2","type":"FIRESTORE_NATIVE","concurrencyMode":"PESSIMISTIC","versionRetentionPeriod":"3600s","earliestVersionTime":"2025-02-19T03:25:05.135212Z","appEngineIntegrationMode":"DISABLED","pointInTimeRecoveryEnablement":"POINT_IN_TIME_RECOVERY_DISABLED","deleteProtectionState":"DELETE_PROTECTION_DISABLED","databaseEdition":"STANDARD","etag":"IOurq6LyzosDMLPa5uPizosD"}
[debug] [2025-02-19T04:25:04.525Z] database_type: FIRESTORE_NATIVE
[debug] [2025-02-19T04:25:04.525Z] database_type: FIRESTORE_NATIVE
[debug] [2025-02-19T04:25:04.526Z] > command requires scopes: ["email","openid","https://www.googleapis.com/auth/cloudplatformprojects.readonly","https://www.googleapis.com/auth/firebase","https://www.googleapis.com/auth/cloud-platform"]
[debug] [2025-02-19T04:25:04.527Z] > authorizing via signed-in user (vicekid46@gmail.com)
[debug] [2025-02-19T04:25:04.527Z] [iam] checking project cloud-inventory-c65bb for permissions ["firebase.projects.get"]
[debug] [2025-02-19T04:25:04.528Z] Checked if tokens are valid: true, expires at: 1739942583695
[debug] [2025-02-19T04:25:04.529Z] Checked if tokens are valid: true, expires at: 1739942583695
[debug] [2025-02-19T04:25:04.529Z] >>> [apiv2][query] POST https://cloudresourcemanager.googleapis.com/v1/projects/cloud-inventory-c65bb:testIamPermissions [none]
[debug] [2025-02-19T04:25:04.529Z] >>> [apiv2][(partial)header] POST https://cloudresourcemanager.googleapis.com/v1/projects/cloud-inventory-c65bb:testIamPermissions x-goog-quota-user=projects/cloud-inventory-c65bb
[debug] [2025-02-19T04:25:04.529Z] >>> [apiv2][body] POST https://cloudresourcemanager.googleapis.com/v1/projects/cloud-inventory-c65bb:testIamPermissions {"permissions":["firebase.projects.get"]}
[debug] [2025-02-19T04:25:05.014Z] <<< [apiv2][status] POST https://cloudresourcemanager.googleapis.com/v1/projects/cloud-inventory-c65bb:testIamPermissions 200
[debug] [2025-02-19T04:25:05.014Z] <<< [apiv2][body] POST https://cloudresourcemanager.googleapis.com/v1/projects/cloud-inventory-c65bb:testIamPermissions {"permissions":["firebase.projects.get"]}
[info] 
[info] Firestore Security Rules allow you to define how and when to allow
[info] requests. You can keep these rules in your project directory
[info] and publish them with firebase deploy.
[info] 
[debug] [2025-02-19T04:27:44.834Z] Checked if tokens are valid: true, expires at: 1739942583695
[debug] [2025-02-19T04:27:44.834Z] Checked if tokens are valid: true, expires at: 1739942583695
[debug] [2025-02-19T04:27:44.835Z] >>> [apiv2][query] GET https://firebaserules.googleapis.com/v1/projects/cloud-inventory-c65bb/releases pageSize=10&pageToken=
[debug] [2025-02-19T04:27:45.198Z] <<< [apiv2][status] GET https://firebaserules.googleapis.com/v1/projects/cloud-inventory-c65bb/releases 200
[debug] [2025-02-19T04:27:45.199Z] <<< [apiv2][body] GET https://firebaserules.googleapis.com/v1/projects/cloud-inventory-c65bb/releases {"releases":[{"name":"projects/cloud-inventory-c65bb/releases/cloud.firestore","rulesetName":"projects/cloud-inventory-c65bb/rulesets/86b5573c-2ce7-4049-85a3-6f035ae5c5b7","createTime":"2025-02-19T03:15:57.847688Z","updateTime":"2025-02-19T03:15:57.847688Z"}]}
[debug] [2025-02-19T04:27:45.199Z] Found ruleset: projects/cloud-inventory-c65bb/rulesets/86b5573c-2ce7-4049-85a3-6f035ae5c5b7
[debug] [2025-02-19T04:27:45.199Z] Checked if tokens are valid: true, expires at: 1739942583695
[debug] [2025-02-19T04:27:45.199Z] Checked if tokens are valid: true, expires at: 1739942583695
[debug] [2025-02-19T04:27:45.199Z] >>> [apiv2][query] GET https://firebaserules.googleapis.com/v1/projects/cloud-inventory-c65bb/rulesets/86b5573c-2ce7-4049-85a3-6f035ae5c5b7 [none]
[debug] [2025-02-19T04:27:45.396Z] <<< [apiv2][status] GET https://firebaserules.googleapis.com/v1/projects/cloud-inventory-c65bb/rulesets/86b5573c-2ce7-4049-85a3-6f035ae5c5b7 200
[debug] [2025-02-19T04:27:45.396Z] <<< [apiv2][body] GET https://firebaserules.googleapis.com/v1/projects/cloud-inventory-c65bb/rulesets/86b5573c-2ce7-4049-85a3-6f035ae5c5b7 [omitted]
[info] 
[info] Firestore indexes allow you to perform complex queries while
[info] maintaining performance that scales with the size of the result
[info] set. You can keep index definitions in your project directory
[info] and publish them with firebase deploy.
[info] 
[debug] [2025-02-19T04:28:24.401Z] Checked if tokens are valid: true, expires at: 1739942583695
[debug] [2025-02-19T04:28:24.401Z] Checked if tokens are valid: true, expires at: 1739942583695
[debug] [2025-02-19T04:28:24.402Z] Checked if tokens are valid: true, expires at: 1739942583695
[debug] [2025-02-19T04:28:24.402Z] Checked if tokens are valid: true, expires at: 1739942583695
[debug] [2025-02-19T04:28:24.402Z] >>> [apiv2][query] GET https://firestore.googleapis.com/v1/projects/cloud-inventory-c65bb/databases/(default)/collectionGroups/-/indexes [none]
[debug] [2025-02-19T04:28:24.407Z] >>> [apiv2][query] GET https://firestore.googleapis.com/v1/projects/cloud-inventory-c65bb/databases/(default)/collectionGroups/-/fields?filter=indexConfig.usesAncestorConfig=false OR ttlConfig:* [none]
[debug] [2025-02-19T04:28:24.846Z] <<< [apiv2][status] GET https://firestore.googleapis.com/v1/projects/cloud-inventory-c65bb/databases/(default)/collectionGroups/-/indexes 200
[debug] [2025-02-19T04:28:24.846Z] <<< [apiv2][body] GET https://firestore.googleapis.com/v1/projects/cloud-inventory-c65bb/databases/(default)/collectionGroups/-/indexes {}
[debug] [2025-02-19T04:28:25.141Z] <<< [apiv2][status] GET https://firestore.googleapis.com/v1/projects/cloud-inventory-c65bb/databases/(default)/collectionGroups/-/fields?filter=indexConfig.usesAncestorConfig=false OR ttlConfig:* 200
[debug] [2025-02-19T04:28:25.142Z] <<< [apiv2][body] GET https://firestore.googleapis.com/v1/projects/cloud-inventory-c65bb/databases/(default)/collectionGroups/-/fields?filter=indexConfig.usesAncestorConfig=false OR ttlConfig:* {"fields":[{"name":"projects/cloud-inventory-c65bb/databases/(default)/collectionGroups/__default__/fields/*","indexConfig":{"indexes":[{"queryScope":"COLLECTION","fields":[{"fieldPath":"*","order":"ASCENDING"}],"state":"READY"},{"queryScope":"COLLECTION","fields":[{"fieldPath":"*","order":"DESCENDING"}],"state":"READY"},{"queryScope":"COLLECTION","fields":[{"fieldPath":"*","arrayConfig":"CONTAINS"}],"state":"READY"}]}}]}
[info] 
=== Genkit Setup
[debug] [2025-02-19T04:28:37.760Z] > command requires scopes: ["email","openid","https://www.googleapis.com/auth/cloudplatformprojects.readonly","https://www.googleapis.com/auth/firebase","https://www.googleapis.com/auth/cloud-platform"]
[debug] [2025-02-19T04:28:37.761Z] > authorizing via signed-in user (vicekid46@gmail.com)
[debug] [2025-02-19T04:28:37.761Z] [iam] checking project cloud-inventory-c65bb for permissions ["firebase.projects.get"]
[debug] [2025-02-19T04:28:37.761Z] Checked if tokens are valid: true, expires at: 1739942583695
[debug] [2025-02-19T04:28:37.761Z] Checked if tokens are valid: true, expires at: 1739942583695
[debug] [2025-02-19T04:28:37.761Z] >>> [apiv2][query] POST https://cloudresourcemanager.googleapis.com/v1/projects/cloud-inventory-c65bb:testIamPermissions [none]
[debug] [2025-02-19T04:28:37.761Z] >>> [apiv2][(partial)header] POST https://cloudresourcemanager.googleapis.com/v1/projects/cloud-inventory-c65bb:testIamPermissions x-goog-quota-user=projects/cloud-inventory-c65bb
[debug] [2025-02-19T04:28:37.761Z] >>> [apiv2][body] POST https://cloudresourcemanager.googleapis.com/v1/projects/cloud-inventory-c65bb:testIamPermissions {"permissions":["firebase.projects.get"]}
[debug] [2025-02-19T04:28:38.343Z] <<< [apiv2][status] POST https://cloudresourcemanager.googleapis.com/v1/projects/cloud-inventory-c65bb:testIamPermissions 200
[debug] [2025-02-19T04:28:38.343Z] <<< [apiv2][body] POST https://cloudresourcemanager.googleapis.com/v1/projects/cloud-inventory-c65bb:testIamPermissions {"permissions":["firebase.projects.get"]}
[debug] [2025-02-19T04:28:38.344Z] Checked if tokens are valid: true, expires at: 1739942583695
[debug] [2025-02-19T04:28:38.344Z] Checked if tokens are valid: true, expires at: 1739942583695
[debug] [2025-02-19T04:28:38.344Z] Checked if tokens are valid: true, expires at: 1739942583695
[debug] [2025-02-19T04:28:38.344Z] Checked if tokens are valid: true, expires at: 1739942583695
[debug] [2025-02-19T04:28:38.344Z] >>> [apiv2][query] GET https://serviceusage.googleapis.com/v1/projects/cloud-inventory-c65bb/services/cloudfunctions.googleapis.com [none]
[debug] [2025-02-19T04:28:38.344Z] >>> [apiv2][(partial)header] GET https://serviceusage.googleapis.com/v1/projects/cloud-inventory-c65bb/services/cloudfunctions.googleapis.com x-goog-quota-user=projects/cloud-inventory-c65bb
[debug] [2025-02-19T04:28:38.348Z] >>> [apiv2][query] GET https://serviceusage.googleapis.com/v1/projects/cloud-inventory-c65bb/services/runtimeconfig.googleapis.com [none]
[debug] [2025-02-19T04:28:38.348Z] >>> [apiv2][(partial)header] GET https://serviceusage.googleapis.com/v1/projects/cloud-inventory-c65bb/services/runtimeconfig.googleapis.com x-goog-quota-user=projects/cloud-inventory-c65bb
[debug] [2025-02-19T04:28:38.816Z] <<< [apiv2][status] GET https://serviceusage.googleapis.com/v1/projects/cloud-inventory-c65bb/services/runtimeconfig.googleapis.com 200
[debug] [2025-02-19T04:28:38.816Z] <<< [apiv2][body] GET https://serviceusage.googleapis.com/v1/projects/cloud-inventory-c65bb/services/runtimeconfig.googleapis.com [omitted]
[debug] [2025-02-19T04:28:38.817Z] <<< [apiv2][status] GET https://serviceusage.googleapis.com/v1/projects/cloud-inventory-c65bb/services/cloudfunctions.googleapis.com 200
[debug] [2025-02-19T04:28:38.817Z] <<< [apiv2][body] GET https://serviceusage.googleapis.com/v1/projects/cloud-inventory-c65bb/services/cloudfunctions.googleapis.com [omitted]
[debug] [2025-02-19T04:28:38.817Z] Checked if tokens are valid: true, expires at: 1739942583695
[debug] [2025-02-19T04:28:38.817Z] Checked if tokens are valid: true, expires at: 1739942583695
[debug] [2025-02-19T04:28:38.817Z] >>> [apiv2][query] POST https://serviceusage.googleapis.com/v1/projects/cloud-inventory-c65bb/services/cloudfunctions.googleapis.com:enable [none]
[debug] [2025-02-19T04:28:38.817Z] >>> [apiv2][(partial)header] POST https://serviceusage.googleapis.com/v1/projects/cloud-inventory-c65bb/services/cloudfunctions.googleapis.com:enable x-goog-quota-user=projects/cloud-inventory-c65bb
[debug] [2025-02-19T04:28:39.179Z] <<< [apiv2][status] POST https://serviceusage.googleapis.com/v1/projects/cloud-inventory-c65bb/services/cloudfunctions.googleapis.com:enable 200
[debug] [2025-02-19T04:28:39.179Z] <<< [apiv2][body] POST https://serviceusage.googleapis.com/v1/projects/cloud-inventory-c65bb/services/cloudfunctions.googleapis.com:enable [omitted]
[debug] [2025-02-19T04:28:49.191Z] Checked if tokens are valid: true, expires at: 1739942583695
[debug] [2025-02-19T04:28:49.192Z] Checked if tokens are valid: true, expires at: 1739942583695
[debug] [2025-02-19T04:28:49.192Z] >>> [apiv2][query] GET https://serviceusage.googleapis.com/v1/projects/cloud-inventory-c65bb/services/cloudfunctions.googleapis.com [none]
[debug] [2025-02-19T04:28:49.192Z] >>> [apiv2][(partial)header] GET https://serviceusage.googleapis.com/v1/projects/cloud-inventory-c65bb/services/cloudfunctions.googleapis.com x-goog-quota-user=projects/cloud-inventory-c65bb
[debug] [2025-02-19T04:28:49.760Z] <<< [apiv2][status] GET https://serviceusage.googleapis.com/v1/projects/cloud-inventory-c65bb/services/cloudfunctions.googleapis.com 200
[debug] [2025-02-19T04:28:49.761Z] <<< [apiv2][body] GET https://serviceusage.googleapis.com/v1/projects/cloud-inventory-c65bb/services/cloudfunctions.googleapis.com [omitted]
[info] Let's create a new codebase for your functions.
[info] A directory corresponding to the codebase will be created in your project
[info] with sample code pre-configured.

[info] See https://firebase.google.com/docs/functions/organize-functions for
[info] more information on organizing your functions using codebases.

[info] Functions can be deployed with firebase deploy.

[info] +  Wrote functions/package.json 
[info] +  Wrote functions/.eslintrc.js 
[info] +  Wrote functions/tsconfig.json 
[info] +  Wrote functions/tsconfig.dev.json 
[info] +  Wrote functions/src/index.ts 
[info] +  Wrote functions/.gitignore 
[info] 
[info] i  genkit: Installing Genkit CLI version 1.0.4
 
[info] i  genkit: Installing NPM packages for genkit 
[info] +  genkit: Successfully installed NPM packages 
[info] i  genkit: Updating tsconfig.json 
[info] +  genkit: Successfully updated tsconfig.json 
[info] i  genkit: Updating package.json 
[info] +  genkit: Successfully updated package.json 
[info] i  genkit: Generating sample file 
[info] +  genkit: Successfully generated sample file (src/genkit-sample.ts) 
[info] 
Login to Google Cloud using:
[info]     gcloud auth application-default login --project undefined

[info] Then start the Genkit developer experience by running:
[info]     cd functions && npm run genkit:start
[info] 
=== Functions Setup
[debug] [2025-02-19T04:34:47.916Z] > command requires scopes: ["email","openid","https://www.googleapis.com/auth/cloudplatformprojects.readonly","https://www.googleapis.com/auth/firebase","https://www.googleapis.com/auth/cloud-platform"]
[debug] [2025-02-19T04:34:47.916Z] > authorizing via signed-in user (vicekid46@gmail.com)
[debug] [2025-02-19T04:34:47.916Z] [iam] checking project cloud-inventory-c65bb for permissions ["firebase.projects.get"]
[debug] [2025-02-19T04:34:47.917Z] Checked if tokens are valid: true, expires at: 1739942583695
[debug] [2025-02-19T04:34:47.917Z] Checked if tokens are valid: true, expires at: 1739942583695
[debug] [2025-02-19T04:34:47.917Z] >>> [apiv2][query] POST https://cloudresourcemanager.googleapis.com/v1/projects/cloud-inventory-c65bb:testIamPermissions [none]
[debug] [2025-02-19T04:34:47.917Z] >>> [apiv2][(partial)header] POST https://cloudresourcemanager.googleapis.com/v1/projects/cloud-inventory-c65bb:testIamPermissions x-goog-quota-user=projects/cloud-inventory-c65bb
[debug] [2025-02-19T04:34:47.917Z] >>> [apiv2][body] POST https://cloudresourcemanager.googleapis.com/v1/projects/cloud-inventory-c65bb:testIamPermissions {"permissions":["firebase.projects.get"]}
[debug] [2025-02-19T04:34:48.932Z] <<< [apiv2][status] POST https://cloudresourcemanager.googleapis.com/v1/projects/cloud-inventory-c65bb:testIamPermissions 200
[debug] [2025-02-19T04:34:48.933Z] <<< [apiv2][body] POST https://cloudresourcemanager.googleapis.com/v1/projects/cloud-inventory-c65bb:testIamPermissions {"permissions":["firebase.projects.get"]}
[debug] [2025-02-19T04:34:48.933Z] Checked if tokens are valid: true, expires at: 1739942583695
[debug] [2025-02-19T04:34:48.933Z] Checked if tokens are valid: true, expires at: 1739942583695
[debug] [2025-02-19T04:34:48.933Z] Checked if tokens are valid: true, expires at: 1739942583695
[debug] [2025-02-19T04:34:48.933Z] Checked if tokens are valid: true, expires at: 1739942583695
[debug] [2025-02-19T04:34:48.933Z] >>> [apiv2][query] GET https://serviceusage.googleapis.com/v1/projects/cloud-inventory-c65bb/services/cloudfunctions.googleapis.com [none]
[debug] [2025-02-19T04:34:48.933Z] >>> [apiv2][(partial)header] GET https://serviceusage.googleapis.com/v1/projects/cloud-inventory-c65bb/services/cloudfunctions.googleapis.com x-goog-quota-user=projects/cloud-inventory-c65bb
[debug] [2025-02-19T04:34:48.935Z] >>> [apiv2][query] GET https://serviceusage.googleapis.com/v1/projects/cloud-inventory-c65bb/services/runtimeconfig.googleapis.com [none]
[debug] [2025-02-19T04:34:48.935Z] >>> [apiv2][(partial)header] GET https://serviceusage.googleapis.com/v1/projects/cloud-inventory-c65bb/services/runtimeconfig.googleapis.com x-goog-quota-user=projects/cloud-inventory-c65bb
[debug] [2025-02-19T04:34:49.591Z] <<< [apiv2][status] GET https://serviceusage.googleapis.com/v1/projects/cloud-inventory-c65bb/services/runtimeconfig.googleapis.com 200
[debug] [2025-02-19T04:34:49.592Z] <<< [apiv2][body] GET https://serviceusage.googleapis.com/v1/projects/cloud-inventory-c65bb/services/runtimeconfig.googleapis.com [omitted]
[debug] [2025-02-19T04:34:49.922Z] <<< [apiv2][status] GET https://serviceusage.googleapis.com/v1/projects/cloud-inventory-c65bb/services/cloudfunctions.googleapis.com 200
[debug] [2025-02-19T04:34:49.923Z] <<< [apiv2][body] GET https://serviceusage.googleapis.com/v1/projects/cloud-inventory-c65bb/services/cloudfunctions.googleapis.com [omitted]
[info] 
Detected existing codebase(s): default

[info] Let's create a new codebase for your functions.
[info] A directory corresponding to the codebase will be created in your project
[info] with sample code pre-configured.

[info] See https://firebase.google.com/docs/functions/organize-functions for
[info] more information on organizing your functions using codebases.

[info] Functions can be deployed with firebase deploy.

[error] Invalid codebase name. Codebase must be less than 64 characters and can contain only lowercase letters, numeric characters, underscores, and dashes.
[info] +  Wrote cloud_inventory/package.json 
[info] +  Wrote cloud_inventory/index.js 
[info] +  Wrote cloud_inventory/.gitignore 
